# JRE version: OpenJDK Runtime Environment Temurin-17.0.9+9 (17.0.9+9) (build 17.0.9+9)
# Java VM: OpenJDK 64-Bit Server VM Temurin-17.0.9+9 (17.0.9+9, mixed mode, emulated-client, tiered, compressed oops, compressed class ptrs, g1 gc, windows-amd64)
GC Precious Log:
 CPUs: 20 total, 20 available
 Memory: 65277M
 Large Page Support: Disabled
 NUMA Support: Disabled
 Compressed Oops: Enabled (32-bit)
 Heap Region Size: 1M
 Heap Min Capacity: 8M
 Heap Initial Capacity: 1020M
 Heap Max Capacity: 1G
 Pre-touch: Disabled
 Parallel Workers: 15
 Concurrent Workers: 4
 Concurrent Refinement Workers: 15
 Periodic GC: Disabled
Heap:
 garbage-first heap   total 96256K, used 34507K [0x00000000c0000000, 0x0000000100000000)
  region size 1024K, 1 young (1024K), 0 survivors (0K)
 Metaspace       used 60107K, committed 60672K, reserved 1114112K
  class space    used 7523K, committed 7808K, reserved 1048576K
GC Heap History (20 events):
Event: 179947.323 GC heap before
{Heap before GC invocations=11031 (full 10976):
 garbage-first heap   total 96256K, used 34507K [0x00000000c0000000, 0x0000000100000000)
  region size 1024K, 1 young (1024K), 0 survivors (0K)
 Metaspace       used 60107K, committed 60672K, reserved 1114112K
  class space    used 7523K, committed 7808K, reserved 1048576K
}
Event: 179947.340 GC heap after
{Heap after GC invocations=11032 (full 10977):
 garbage-first heap   total 96256K, used 34507K [0x00000000c0000000, 0x0000000100000000)
  region size 1024K, 0 young (0K), 0 survivors (0K)
 Metaspace       used 60107K, committed 60672K, reserved 1114112K
  class space    used 7523K, committed 7808K, reserved 1048576K
}
Event: 179957.433 GC heap before
{Heap before GC invocations=11032 (full 10977):
 garbage-first heap   total 96256K, used 34507K [0x00000000c0000000, 0x0000000100000000)
  region size 1024K, 1 young (1024K), 0 survivors (0K)
 Metaspace       used 60107K, committed 60672K, reserved 1114112K
  class space    used 7523K, committed 7808K, reserved 1048576K
}
Event: 179957.451 GC heap after
{Heap after GC invocations=11033 (full 10978):
 garbage-first heap   total 96256K, used 34507K [0x00000000c0000000, 0x0000000100000000)
  region size 1024K, 0 young (0K), 0 survivors (0K)
 Metaspace       used 60107K, committed 60672K, reserved 1114112K
  class space    used 7523K, committed 7808K, reserved 1048576K
}
Event: 179967.544 GC heap before
{Heap before GC invocations=11033 (full 10978):
 garbage-first heap   total 96256K, used 34507K [0x00000000c0000000, 0x0000000100000000)
  region size 1024K, 1 young (1024K), 0 survivors (0K)
 Metaspace       used 60107K, committed 60672K, reserved 1114112K
  class space    used 7523K, committed 7808K, reserved 1048576K
}
Event: 179967.562 GC heap after
{Heap after GC invocations=11034 (full 10979):
 garbage-first heap   total 96256K, used 34507K [0x00000000c0000000, 0x0000000100000000)
  region size 1024K, 0 young (0K), 0 survivors (0K)
 Metaspace       used 60107K, committed 60672K, reserved 1114112K
  class space    used 7523K, committed 7808K, reserved 1048576K
}
Event: 179977.657 GC heap before
{Heap before GC invocations=11034 (full 10979):
 garbage-first heap   total 96256K, used 34507K [0x00000000c0000000, 0x0000000100000000)
  region size 1024K, 1 young (1024K), 0 survivors (0K)
 Metaspace       used 60107K, committed 60672K, reserved 1114112K
  class space    used 7523K, committed 7808K, reserved 1048576K
}
Event: 179977.675 GC heap after
{Heap after GC invocations=11035 (full 10980):
 garbage-first heap   total 96256K, used 34507K [0x00000000c0000000, 0x0000000100000000)
  region size 1024K, 0 young (0K), 0 survivors (0K)
 Metaspace       used 60107K, committed 60672K, reserved 1114112K
  class space    used 7523K, committed 7808K, reserved 1048576K
}
Event: 179987.764 GC heap before
{Heap before GC invocations=11035 (full 10980):
 garbage-first heap   total 96256K, used 34507K [0x00000000c0000000, 0x0000000100000000)
  region size 1024K, 1 young (1024K), 0 survivors (0K)
 Metaspace       used 60107K, committed 60672K, reserved 1114112K
  class space    used 7523K, committed 7808K, reserved 1048576K
}
Event: 179987.782 GC heap after
{Heap after GC invocations=11036 (full 10981):
 garbage-first heap   total 96256K, used 34507K [0x00000000c0000000, 0x0000000100000000)
  region size 1024K, 0 young (0K), 0 survivors (0K)
 Metaspace       used 60107K, committed 60672K, reserved 1114112K
  class space    used 7523K, committed 7808K, reserved 1048576K
}
Event: 179997.876 GC heap before
{Heap before GC invocations=11036 (full 10981):
 garbage-first heap   total 96256K, used 34507K [0x00000000c0000000, 0x0000000100000000)
  region size 1024K, 1 young (1024K), 0 survivors (0K)
 Metaspace       used 60107K, committed 60672K, reserved 1114112K
  class space    used 7523K, committed 7808K, reserved 1048576K
}
Event: 179997.893 GC heap after
{Heap after GC invocations=11037 (full 10982):
 garbage-first heap   total 96256K, used 34507K [0x00000000c0000000, 0x0000000100000000)
  region size 1024K, 0 young (0K), 0 survivors (0K)
 Metaspace       used 60107K, committed 60672K, reserved 1114112K
  class space    used 7523K, committed 7808K, reserved 1048576K
}
Event: 180007.986 GC heap before
{Heap before GC invocations=11037 (full 10982):
 garbage-first heap   total 96256K, used 34507K [0x00000000c0000000, 0x0000000100000000)
  region size 1024K, 1 young (1024K), 0 survivors (0K)
 Metaspace       used 60107K, committed 60672K, reserved 1114112K
  class space    used 7523K, committed 7808K, reserved 1048576K
}
Event: 180008.005 GC heap after
{Heap after GC invocations=11038 (full 10983):
 garbage-first heap   total 96256K, used 34507K [0x00000000c0000000, 0x0000000100000000)
  region size 1024K, 0 young (0K), 0 survivors (0K)
 Metaspace       used 60107K, committed 60672K, reserved 1114112K
  class space    used 7523K, committed 7808K, reserved 1048576K
}
Event: 180018.096 GC heap before
{Heap before GC invocations=11038 (full 10983):
 garbage-first heap   total 96256K, used 34507K [0x00000000c0000000, 0x0000000100000000)
  region size 1024K, 1 young (1024K), 0 survivors (0K)
 Metaspace       used 60107K, committed 60672K, reserved 1114112K
  class space    used 7523K, committed 7808K, reserved 1048576K
}
Event: 180018.113 GC heap after
{Heap after GC invocations=11039 (full 10984):
 garbage-first heap   total 96256K, used 34507K [0x00000000c0000000, 0x0000000100000000)
  region size 1024K, 0 young (0K), 0 survivors (0K)
 Metaspace       used 60107K, committed 60672K, reserved 1114112K
  class space    used 7523K, committed 7808K, reserved 1048576K
}
Event: 180028.210 GC heap before
{Heap before GC invocations=11039 (full 10984):
 garbage-first heap   total 96256K, used 34507K [0x00000000c0000000, 0x0000000100000000)
  region size 1024K, 1 young (1024K), 0 survivors (0K)
 Metaspace       used 60107K, committed 60672K, reserved 1114112K
  class space    used 7523K, committed 7808K, reserved 1048576K
}
Event: 180028.227 GC heap after
{Heap after GC invocations=11040 (full 10985):
 garbage-first heap   total 96256K, used 34507K [0x00000000c0000000, 0x0000000100000000)
  region size 1024K, 0 young (0K), 0 survivors (0K)
 Metaspace       used 60107K, committed 60672K, reserved 1114112K
  class space    used 7523K, committed 7808K, reserved 1048576K
}
Event: 180038.314 GC heap before
{Heap before GC invocations=11040 (full 10985):
 garbage-first heap   total 96256K, used 34507K [0x00000000c0000000, 0x0000000100000000)
  region size 1024K, 1 young (1024K), 0 survivors (0K)
 Metaspace       used 60107K, committed 60672K, reserved 1114112K
  class space    used 7523K, committed 7808K, reserved 1048576K
}
Event: 180038.331 GC heap after
{Heap after GC invocations=11041 (full 10986):
 garbage-first heap   total 96256K, used 34507K [0x00000000c0000000, 0x0000000100000000)
  region size 1024K, 0 young (0K), 0 survivors (0K)
 Metaspace       used 60107K, committed 60672K, reserved 1114112K
  class space    used 7523K, committed 7808K, reserved 1048576K
}

